mode: atomic
syspath-optimizer/main.go:12.13,14.35 2 0
syspath-optimizer/main.go:14.35,17.3 2 0
syspath-optimizer/internal/path/backup.go:17.31,19.2 1 1
syspath-optimizer/internal/path/backup.go:22.28,23.21 1 110
syspath-optimizer/internal/path/backup.go:23.21,25.3 1 110
syspath-optimizer/internal/path/backup.go:26.2,27.40 2 0
syspath-optimizer/internal/path/backup.go:62.29,69.2 1 58
syspath-optimizer/internal/path/backup.go:72.28,74.2 1 36
syspath-optimizer/internal/path/backup.go:77.29,79.2 1 74
syspath-optimizer/internal/path/backup.go:82.30,85.2 2 8
syspath-optimizer/internal/path/backup.go:88.26,91.16 3 57
syspath-optimizer/internal/path/backup.go:91.16,93.3 1 1
syspath-optimizer/internal/path/backup.go:94.2,95.15 2 56
syspath-optimizer/internal/path/backup.go:99.38,101.47 2 8
syspath-optimizer/internal/path/backup.go:101.47,103.3 1 0
syspath-optimizer/internal/path/backup.go:104.2,105.16 2 8
syspath-optimizer/internal/path/backup.go:105.16,107.3 1 0
syspath-optimizer/internal/path/backup.go:108.2,108.50 1 8
syspath-optimizer/internal/path/backup.go:112.55,113.42 1 5
syspath-optimizer/internal/path/backup.go:113.42,115.3 1 0
syspath-optimizer/internal/path/backup.go:117.2,141.16 11 5
syspath-optimizer/internal/path/backup.go:141.16,143.3 1 0
syspath-optimizer/internal/path/backup.go:145.2,145.59 1 5
syspath-optimizer/internal/path/backup.go:145.59,147.3 1 0
syspath-optimizer/internal/path/backup.go:150.2,157.8 2 5
syspath-optimizer/internal/path/backup.go:161.33,164.16 3 9
syspath-optimizer/internal/path/backup.go:164.16,166.3 1 0
syspath-optimizer/internal/path/backup.go:168.2,169.32 2 9
syspath-optimizer/internal/path/backup.go:169.32,170.65 1 9
syspath-optimizer/internal/path/backup.go:170.65,171.12 1 0
syspath-optimizer/internal/path/backup.go:175.3,177.43 3 9
syspath-optimizer/internal/path/backup.go:177.43,178.12 1 1
syspath-optimizer/internal/path/backup.go:182.3,184.17 3 8
syspath-optimizer/internal/path/backup.go:184.17,185.12 1 0
syspath-optimizer/internal/path/backup.go:188.3,195.5 2 8
syspath-optimizer/internal/path/backup.go:199.2,199.42 1 9
syspath-optimizer/internal/path/backup.go:199.42,201.3 1 3
syspath-optimizer/internal/path/backup.go:203.2,203.16 1 9
syspath-optimizer/internal/path/backup.go:207.51,210.16 3 5
syspath-optimizer/internal/path/backup.go:210.16,212.3 1 2
syspath-optimizer/internal/path/backup.go:214.2,215.54 2 3
syspath-optimizer/internal/path/backup.go:215.54,217.3 1 1
syspath-optimizer/internal/path/backup.go:219.2,219.21 1 2
syspath-optimizer/internal/path/backup.go:223.42,226.2 2 4
syspath-optimizer/internal/path/backup.go:229.27,233.39 3 6
syspath-optimizer/internal/path/backup.go:233.39,235.3 1 6
syspath-optimizer/internal/path/backup.go:238.2,238.52 1 0
syspath-optimizer/internal/path/backup.go:238.52,240.3 1 0
syspath-optimizer/internal/path/backup.go:244.57,246.16 2 3
syspath-optimizer/internal/path/backup.go:246.16,248.3 1 1
syspath-optimizer/internal/path/backup.go:251.2,254.31 2 2
syspath-optimizer/internal/path/backup.go:254.31,255.62 1 2
syspath-optimizer/internal/path/backup.go:255.62,257.4 1 0
syspath-optimizer/internal/path/backup.go:261.2,261.44 1 2
syspath-optimizer/internal/path/backup.go:261.44,262.66 1 1
syspath-optimizer/internal/path/backup.go:262.66,264.4 1 0
syspath-optimizer/internal/path/backup.go:267.2,268.12 2 2
syspath-optimizer/internal/path/envvars.go:32.52,33.47 1 23
syspath-optimizer/internal/path/envvars.go:33.47,35.3 1 1
syspath-optimizer/internal/path/envvars.go:39.2,50.47 5 22
syspath-optimizer/internal/path/envvars.go:50.47,52.25 2 418
syspath-optimizer/internal/path/envvars.go:52.25,53.12 1 154
syspath-optimizer/internal/path/envvars.go:56.3,57.47 2 264
syspath-optimizer/internal/path/envvars.go:57.47,60.70 2 19
syspath-optimizer/internal/path/envvars.go:60.70,65.32 3 18
syspath-optimizer/internal/path/envvars.go:65.32,69.6 3 2
syspath-optimizer/internal/path/envvars.go:74.2,74.52 1 22
syspath-optimizer/internal/path/envvars.go:74.52,76.3 1 2
syspath-optimizer/internal/path/envvars.go:78.2,78.20 1 20
syspath-optimizer/internal/path/envvars.go:83.46,86.23 3 26
syspath-optimizer/internal/path/envvars.go:86.23,88.3 1 0
syspath-optimizer/internal/path/envvars.go:90.2,91.45 2 26
syspath-optimizer/internal/path/envvars.go:91.45,93.3 1 21
syspath-optimizer/internal/path/envvars.go:96.2,98.21 3 5
syspath-optimizer/internal/path/envvars.go:98.21,100.3 1 2
syspath-optimizer/internal/path/envvars.go:102.2,105.38 2 3
syspath-optimizer/internal/path/envvars.go:105.38,107.3 1 2
syspath-optimizer/internal/path/envvars.go:110.2,111.23 2 1
syspath-optimizer/internal/path/envvars.go:111.23,113.3 1 0
syspath-optimizer/internal/path/envvars.go:116.2,117.52 2 1
syspath-optimizer/internal/path/envvars.go:117.52,119.3 1 0
syspath-optimizer/internal/path/envvars.go:121.2,122.57 2 1
syspath-optimizer/internal/path/envvars.go:122.57,124.3 1 0
syspath-optimizer/internal/path/envvars.go:127.2,128.63 2 1
syspath-optimizer/internal/path/envvars.go:132.40,133.48 1 17
syspath-optimizer/internal/path/envvars.go:133.48,135.3 1 2
syspath-optimizer/internal/path/envvars.go:137.2,141.6 3 15
syspath-optimizer/internal/path/envvars.go:141.6,143.18 2 30
syspath-optimizer/internal/path/envvars.go:143.18,144.9 1 13
syspath-optimizer/internal/path/envvars.go:146.3,147.16 2 17
syspath-optimizer/internal/path/envvars.go:147.16,148.9 1 1
syspath-optimizer/internal/path/envvars.go:150.3,154.10 4 16
syspath-optimizer/internal/path/envvars.go:154.10,156.4 1 1
syspath-optimizer/internal/path/envvars.go:157.3,157.18 1 16
syspath-optimizer/internal/path/envvars.go:157.18,159.4 1 15
syspath-optimizer/internal/path/envvars.go:159.9,161.9 1 1
syspath-optimizer/internal/path/envvars.go:165.2,165.15 1 15
syspath-optimizer/internal/path/envvars.go:169.57,171.23 2 2
syspath-optimizer/internal/path/envvars.go:171.23,173.3 1 0
syspath-optimizer/internal/path/envvars.go:173.8,175.3 1 2
syspath-optimizer/internal/path/envvars.go:176.2,176.31 1 2
syspath-optimizer/internal/path/envvars.go:180.54,182.23 2 2
syspath-optimizer/internal/path/envvars.go:182.23,184.3 1 0
syspath-optimizer/internal/path/envvars.go:185.2,188.16 4 2
syspath-optimizer/internal/path/envvars.go:188.16,190.3 1 2
syspath-optimizer/internal/path/envvars.go:191.2,191.12 1 2
syspath-optimizer/internal/path/junctions.go:27.33,30.2 2 24
syspath-optimizer/internal/path/junctions.go:33.45,37.2 3 6
syspath-optimizer/internal/path/junctions.go:40.35,43.2 2 4
syspath-optimizer/internal/path/junctions.go:46.33,62.32 4 6
syspath-optimizer/internal/path/junctions.go:62.32,64.3 1 1
syspath-optimizer/internal/path/junctions.go:66.2,68.29 3 5
syspath-optimizer/internal/path/junctions.go:68.29,70.17 2 5
syspath-optimizer/internal/path/junctions.go:70.17,71.12 1 0
syspath-optimizer/internal/path/junctions.go:73.3,74.22 2 5
syspath-optimizer/internal/path/junctions.go:74.22,80.4 1 0
syspath-optimizer/internal/path/junctions.go:83.2,83.18 1 5
syspath-optimizer/internal/path/junctions.go:87.48,89.47 2 3
syspath-optimizer/internal/path/junctions.go:89.47,91.3 1 0
syspath-optimizer/internal/path/junctions.go:93.2,96.49 2 3
syspath-optimizer/internal/path/junctions.go:96.49,98.3 1 1
syspath-optimizer/internal/path/junctions.go:101.2,101.43 1 2
syspath-optimizer/internal/path/junctions.go:101.43,103.3 1 1
syspath-optimizer/internal/path/junctions.go:106.2,108.12 3 1
syspath-optimizer/internal/path/junctions.go:112.40,120.2 5 2
syspath-optimizer/internal/path/junctions.go:123.55,136.38 9 3
syspath-optimizer/internal/path/junctions.go:136.38,138.3 1 0
syspath-optimizer/internal/path/junctions.go:140.2,140.29 1 3
syspath-optimizer/internal/path/junctions.go:140.29,142.46 1 15
syspath-optimizer/internal/path/junctions.go:142.46,143.12 1 15
syspath-optimizer/internal/path/junctions.go:147.3,147.69 1 0
syspath-optimizer/internal/path/junctions.go:147.69,148.12 1 0
syspath-optimizer/internal/path/junctions.go:152.3,153.23 2 0
syspath-optimizer/internal/path/junctions.go:153.23,154.12 1 0
syspath-optimizer/internal/path/junctions.go:156.3,160.22 3 0
syspath-optimizer/internal/path/junctions.go:160.22,161.12 1 0
syspath-optimizer/internal/path/junctions.go:164.3,168.22 3 0
syspath-optimizer/internal/path/junctions.go:168.22,176.4 2 0
syspath-optimizer/internal/path/junctions.go:180.2,180.46 1 3
syspath-optimizer/internal/path/junctions.go:180.46,182.3 1 0
syspath-optimizer/internal/path/junctions.go:184.2,184.20 1 3
syspath-optimizer/internal/path/junctions.go:189.66,190.39 1 26
syspath-optimizer/internal/path/junctions.go:190.39,191.55 1 123
syspath-optimizer/internal/path/junctions.go:191.55,193.4 1 111
syspath-optimizer/internal/path/junctions.go:194.3,194.51 1 12
syspath-optimizer/internal/path/junctions.go:194.51,196.4 1 2
syspath-optimizer/internal/path/junctions.go:197.3,197.12 1 10
syspath-optimizer/internal/path/junctions.go:202.51,203.24 1 28
syspath-optimizer/internal/path/junctions.go:203.24,205.3 1 5
syspath-optimizer/internal/path/junctions.go:206.2,206.13 1 23
syspath-optimizer/internal/path/junctions.go:210.83,212.53 2 7
syspath-optimizer/internal/path/junctions.go:212.53,214.3 1 1
syspath-optimizer/internal/path/junctions.go:216.2,217.23 2 6
syspath-optimizer/internal/path/junctions.go:217.23,219.3 1 0
syspath-optimizer/internal/path/junctions.go:221.2,222.49 2 6
syspath-optimizer/internal/path/junctions.go:222.49,224.3 1 6
syspath-optimizer/internal/path/junctions.go:225.2,225.11 1 0
syspath-optimizer/internal/path/junctions.go:229.77,230.27 1 2
syspath-optimizer/internal/path/junctions.go:230.27,233.31 3 99
syspath-optimizer/internal/path/junctions.go:233.31,235.4 1 99
syspath-optimizer/internal/path/junctions.go:236.3,237.47 2 99
syspath-optimizer/internal/path/junctions.go:237.47,239.4 1 1
syspath-optimizer/internal/path/junctions.go:241.2,241.11 1 1
syspath-optimizer/internal/path/junctions.go:244.73,246.59 2 14
syspath-optimizer/internal/path/junctions.go:246.59,248.3 1 2
syspath-optimizer/internal/path/junctions.go:250.2,251.21 2 12
syspath-optimizer/internal/path/junctions.go:251.21,253.3 1 0
syspath-optimizer/internal/path/junctions.go:254.2,257.48 2 12
syspath-optimizer/internal/path/junctions.go:257.48,259.3 1 7
syspath-optimizer/internal/path/junctions.go:262.2,262.85 1 5
syspath-optimizer/internal/path/junctions.go:262.85,264.3 1 5
syspath-optimizer/internal/path/junctions.go:267.2,267.50 1 0
syspath-optimizer/internal/path/junctions.go:271.69,273.32 2 3
syspath-optimizer/internal/path/junctions.go:273.32,275.3 1 3
syspath-optimizer/internal/path/junctions.go:276.2,276.14 1 3
syspath-optimizer/internal/path/optimizer.go:20.39,29.2 1 24
syspath-optimizer/internal/path/optimizer.go:66.37,71.2 4 168
syspath-optimizer/internal/path/optimizer.go:74.35,76.33 1 7
syspath-optimizer/internal/path/optimizer.go:76.33,78.3 1 1
syspath-optimizer/internal/path/optimizer.go:79.2,80.19 2 6
syspath-optimizer/internal/path/optimizer.go:84.68,86.2 1 10
syspath-optimizer/internal/path/optimizer.go:97.86,103.2 1 31
syspath-optimizer/internal/path/optimizer.go:106.69,107.30 1 50
syspath-optimizer/internal/path/optimizer.go:107.30,109.3 1 11
syspath-optimizer/internal/path/optimizer.go:110.2,110.24 1 39
syspath-optimizer/internal/path/optimizer.go:110.24,117.3 3 7
syspath-optimizer/internal/path/optimizer.go:118.2,119.14 2 32
syspath-optimizer/internal/path/optimizer.go:123.56,124.29 1 42
syspath-optimizer/internal/path/optimizer.go:124.29,126.3 1 41
syspath-optimizer/internal/path/optimizer.go:127.2,127.34 1 1
syspath-optimizer/internal/path/optimizer.go:127.34,129.3 1 1
syspath-optimizer/internal/path/optimizer.go:130.2,130.23 1 0
syspath-optimizer/internal/path/optimizer.go:130.23,132.3 1 0
syspath-optimizer/internal/path/optimizer.go:133.2,138.13 3 0
syspath-optimizer/internal/path/optimizer.go:142.60,143.60 1 42
syspath-optimizer/internal/path/optimizer.go:143.60,145.3 1 29
syspath-optimizer/internal/path/optimizer.go:146.2,147.46 2 13
syspath-optimizer/internal/path/optimizer.go:147.46,149.3 1 0
syspath-optimizer/internal/path/optimizer.go:150.2,159.14 5 13
syspath-optimizer/internal/path/optimizer.go:163.67,164.62 1 42
syspath-optimizer/internal/path/optimizer.go:164.62,166.3 1 29
syspath-optimizer/internal/path/optimizer.go:167.2,168.48 2 13
syspath-optimizer/internal/path/optimizer.go:168.48,170.3 1 13
syspath-optimizer/internal/path/optimizer.go:171.2,180.14 5 0
syspath-optimizer/internal/path/optimizer.go:184.66,185.26 1 2
syspath-optimizer/internal/path/optimizer.go:185.26,187.3 1 1
syspath-optimizer/internal/path/optimizer.go:188.2,189.52 2 1
syspath-optimizer/internal/path/optimizer.go:189.52,191.3 1 1
syspath-optimizer/internal/path/optimizer.go:192.2,201.20 5 0
syspath-optimizer/internal/path/optimizer.go:205.68,208.38 2 46
syspath-optimizer/internal/path/optimizer.go:208.38,210.3 1 6
syspath-optimizer/internal/path/optimizer.go:211.2,211.25 1 40
syspath-optimizer/internal/path/optimizer.go:211.25,213.3 1 0
syspath-optimizer/internal/path/optimizer.go:215.2,220.28 5 40
syspath-optimizer/internal/path/optimizer.go:220.28,222.3 1 0
syspath-optimizer/internal/path/optimizer.go:224.2,224.22 1 40
syspath-optimizer/internal/path/optimizer.go:227.124,239.32 9 18
syspath-optimizer/internal/path/optimizer.go:239.32,240.35 1 43
syspath-optimizer/internal/path/optimizer.go:240.35,242.4 1 8
syspath-optimizer/internal/path/optimizer.go:244.3,244.57 1 43
syspath-optimizer/internal/path/optimizer.go:244.57,246.4 1 38
syspath-optimizer/internal/path/optimizer.go:250.2,251.30 2 18
syspath-optimizer/internal/path/optimizer.go:251.30,253.3 1 18
syspath-optimizer/internal/path/optimizer.go:255.2,260.32 5 18
syspath-optimizer/internal/path/optimizer.go:260.32,262.3 1 16
syspath-optimizer/internal/path/optimizer.go:264.2,264.15 1 18
syspath-optimizer/internal/path/optimizer.go:268.66,269.24 1 23
syspath-optimizer/internal/path/optimizer.go:269.24,271.3 1 2
syspath-optimizer/internal/path/optimizer.go:274.2,275.30 2 21
syspath-optimizer/internal/path/optimizer.go:275.30,277.3 1 39
syspath-optimizer/internal/path/optimizer.go:280.2,284.32 4 21
syspath-optimizer/internal/path/optimizer.go:284.32,286.45 2 47
syspath-optimizer/internal/path/optimizer.go:286.45,289.4 2 7
syspath-optimizer/internal/path/optimizer.go:289.9,291.4 1 40
syspath-optimizer/internal/path/optimizer.go:295.2,296.24 2 21
syspath-optimizer/internal/path/optimizer.go:296.24,297.18 1 39
syspath-optimizer/internal/path/optimizer.go:297.18,299.4 1 7
syspath-optimizer/internal/path/optimizer.go:301.2,303.15 2 21
syspath-optimizer/internal/path/optimizer.go:319.54,321.2 1 2
syspath-optimizer/internal/path/optimizer.go:326.89,345.21 13 3
syspath-optimizer/internal/path/optimizer.go:345.21,347.3 1 1
syspath-optimizer/internal/path/optimizer.go:348.2,350.15 2 3
syspath-optimizer/internal/path/optimizer.go:354.68,368.43 3 5
syspath-optimizer/internal/path/optimizer.go:368.43,370.7 2 10
syspath-optimizer/internal/path/optimizer.go:370.7,372.15 2 20
syspath-optimizer/internal/path/optimizer.go:372.15,373.10 1 10
syspath-optimizer/internal/path/optimizer.go:375.4,377.15 3 10
syspath-optimizer/internal/path/optimizer.go:377.15,378.10 1 0
syspath-optimizer/internal/path/optimizer.go:380.4,383.45 3 10
syspath-optimizer/internal/path/optimizer.go:383.45,384.62 1 2
syspath-optimizer/internal/path/optimizer.go:384.62,389.6 1 2
syspath-optimizer/internal/path/optimizer.go:391.4,391.17 1 10
syspath-optimizer/internal/path/optimizer.go:395.2,399.26 4 5
syspath-optimizer/internal/path/optimizer.go:399.26,401.3 1 2
syspath-optimizer/internal/path/optimizer.go:402.2,402.15 1 5
syspath-optimizer/internal/path/pathext.go:84.45,86.15 2 11
syspath-optimizer/internal/path/pathext.go:87.16,88.74 1 0
syspath-optimizer/internal/path/pathext.go:89.14,90.71 1 1
syspath-optimizer/internal/path/pathext.go:91.10,97.4 1 10
syspath-optimizer/internal/path/pathext.go:100.2,101.32 2 11
syspath-optimizer/internal/path/pathext.go:101.32,103.3 1 0
syspath-optimizer/internal/path/pathext.go:104.2,104.15 1 11
syspath-optimizer/internal/path/pathext.go:108.28,111.2 2 4
syspath-optimizer/internal/path/pathext.go:114.44,115.19 1 11
syspath-optimizer/internal/path/pathext.go:115.19,117.3 1 8
syspath-optimizer/internal/path/pathext.go:118.2,120.26 3 11
syspath-optimizer/internal/path/pathext.go:120.26,122.14 2 116
syspath-optimizer/internal/path/pathext.go:122.14,124.4 1 113
syspath-optimizer/internal/path/pathext.go:126.2,126.15 1 11
syspath-optimizer/internal/path/pathext.go:130.49,132.44 2 44
syspath-optimizer/internal/path/pathext.go:132.44,134.3 1 43
syspath-optimizer/internal/path/pathext.go:135.2,141.3 1 1
syspath-optimizer/internal/path/pathext.go:146.50,147.29 1 5
syspath-optimizer/internal/path/pathext.go:147.29,153.3 1 4
syspath-optimizer/internal/path/pathext.go:157.68,159.19 2 5
syspath-optimizer/internal/path/pathext.go:159.19,167.3 3 4
syspath-optimizer/internal/path/pathext.go:171.68,174.42 3 5
syspath-optimizer/internal/path/pathext.go:174.42,182.3 3 4
syspath-optimizer/internal/path/pathext.go:186.71,188.34 2 6
syspath-optimizer/internal/path/pathext.go:188.34,194.3 1 4
syspath-optimizer/internal/path/pathext.go:198.76,200.30 2 5
syspath-optimizer/internal/path/pathext.go:200.30,201.41 1 46
syspath-optimizer/internal/path/pathext.go:201.41,203.4 1 14
syspath-optimizer/internal/path/pathext.go:205.2,205.24 1 5
syspath-optimizer/internal/path/pathext.go:205.24,212.3 2 4
syspath-optimizer/internal/path/pathext.go:216.69,219.42 3 6
syspath-optimizer/internal/path/pathext.go:219.42,227.3 3 4
syspath-optimizer/internal/path/pathext.go:230.39,239.30 3 3
syspath-optimizer/internal/path/pathext.go:239.30,241.3 1 39
syspath-optimizer/internal/path/pathext.go:243.2,250.17 7 3
syspath-optimizer/internal/path/pathext.go:254.56,263.35 5 5
syspath-optimizer/internal/path/pathext.go:263.35,264.29 1 70
syspath-optimizer/internal/path/pathext.go:264.29,265.54 1 65
syspath-optimizer/internal/path/pathext.go:265.54,268.5 2 57
syspath-optimizer/internal/path/pathext.go:273.2,273.30 1 5
syspath-optimizer/internal/path/pathext.go:273.30,274.18 1 65
syspath-optimizer/internal/path/pathext.go:274.18,275.54 1 8
syspath-optimizer/internal/path/pathext.go:275.54,277.5 1 0
syspath-optimizer/internal/path/pathext.go:281.2,288.3 2 5
syspath-optimizer/internal/path/pathext.go:292.46,294.23 2 2
syspath-optimizer/internal/path/pathext.go:294.23,296.3 1 0
syspath-optimizer/internal/path/pathext.go:298.2,300.16 3 2
syspath-optimizer/internal/path/pathext.go:300.16,302.3 1 2
syspath-optimizer/internal/path/pathext.go:303.2,303.12 1 2
syspath-optimizer/internal/path/pathext.go:307.47,308.26 1 192
syspath-optimizer/internal/path/pathext.go:308.26,309.16 1 920
syspath-optimizer/internal/path/pathext.go:309.16,311.4 1 130
syspath-optimizer/internal/path/pathext.go:313.2,313.11 1 62
syspath-optimizer/internal/path/pathext.go:316.49,318.2 1 153
syspath-optimizer/internal/path/pathext.go:320.25,321.12 1 13
syspath-optimizer/internal/path/pathext.go:321.12,323.3 1 1
syspath-optimizer/internal/path/pathext.go:324.2,326.14 3 12
syspath-optimizer/internal/path/pathext.go:326.14,328.3 1 2
syspath-optimizer/internal/path/pathext.go:329.2,329.12 1 12
syspath-optimizer/internal/path/pathext.go:329.12,332.3 2 18
syspath-optimizer/internal/path/pathext.go:333.2,333.14 1 12
syspath-optimizer/internal/path/pathext.go:333.14,335.3 1 2
syspath-optimizer/internal/path/pathext.go:336.2,336.10 1 12
syspath-optimizer/internal/path/registry.go:18.52,20.2 1 103
syspath-optimizer/internal/path/registry.go:23.47,25.23 2 25
syspath-optimizer/internal/path/registry.go:25.23,30.3 1 12
syspath-optimizer/internal/path/registry.go:30.8,35.3 1 13
syspath-optimizer/internal/path/registry.go:36.2,36.31 1 25
syspath-optimizer/internal/path/registry.go:40.52,42.23 2 3
syspath-optimizer/internal/path/registry.go:42.23,45.3 1 2
syspath-optimizer/internal/path/registry.go:45.8,47.3 1 1
syspath-optimizer/internal/path/registry.go:48.2,49.16 2 3
syspath-optimizer/internal/path/registry.go:49.16,51.3 1 0
syspath-optimizer/internal/path/registry.go:54.2,56.32 3 3
syspath-optimizer/internal/path/registry.go:61.53,64.26 2 4
syspath-optimizer/internal/path/registry.go:64.26,65.60 1 9
syspath-optimizer/internal/path/registry.go:65.60,67.4 1 1
syspath-optimizer/internal/path/registry.go:71.2,71.30 1 4
syspath-optimizer/internal/path/registry.go:71.30,73.3 1 3
syspath-optimizer/internal/path/registry.go:76.2,78.37 3 1
syspath-optimizer/internal/path/registry.go:78.37,80.12 2 1
syspath-optimizer/internal/path/registry.go:80.12,82.4 1 0
syspath-optimizer/internal/path/registry.go:83.3,83.51 1 1
syspath-optimizer/internal/path/registry.go:85.2,102.32 4 1
syspath-optimizer/internal/path/registry.go:102.32,104.3 1 0
syspath-optimizer/internal/path/registry.go:107.2,111.37 4 1
syspath-optimizer/internal/path/registry.go:111.37,112.45 1 1
syspath-optimizer/internal/path/registry.go:112.45,114.4 1 1
syspath-optimizer/internal/path/registry.go:117.2,117.15 1 1
syspath-optimizer/internal/path/registry.go:121.39,123.30 1 3
syspath-optimizer/internal/path/registry.go:123.30,125.3 1 1
syspath-optimizer/internal/path/registry.go:127.2,127.31 1 2
syspath-optimizer/internal/path/registry.go:127.31,129.3 1 1
syspath-optimizer/internal/path/registry.go:131.2,132.18 2 1
syspath-optimizer/internal/path/registry.go:136.41,138.23 2 6
syspath-optimizer/internal/path/registry.go:138.23,140.3 1 2
syspath-optimizer/internal/path/registry.go:140.8,142.3 1 4
syspath-optimizer/internal/path/registry.go:143.2,146.12 4 6
syspath-optimizer/internal/path/registry.go:150.21,153.16 3 4
syspath-optimizer/internal/path/registry.go:153.16,155.3 1 1
syspath-optimizer/internal/path/registry.go:156.2,156.42 1 3
syspath-optimizer/internal/path/registry.go:160.27,179.2 2 7
syspath-optimizer/internal/path/registry.go:182.27,184.16 2 7
syspath-optimizer/internal/path/registry.go:184.16,186.3 1 1
syspath-optimizer/internal/path/registry.go:187.2,187.15 1 6
syspath-optimizer/internal/path/registry.go:191.40,195.35 2 42
syspath-optimizer/internal/path/registry.go:195.35,197.22 2 6300
syspath-optimizer/internal/path/registry.go:197.22,199.4 1 6300
syspath-optimizer/internal/path/registry.go:202.2,202.13 1 42
syspath-optimizer/internal/path/registry.go:206.41,208.2 1 2
syspath-optimizer/internal/path/registry.go:211.33,213.2 1 1
syspath-optimizer/internal/path/registry.go:216.41,217.19 1 51
syspath-optimizer/internal/path/registry.go:217.19,219.3 1 3
syspath-optimizer/internal/path/registry.go:220.2,222.28 3 48
syspath-optimizer/internal/path/registry.go:222.28,224.14 2 124
syspath-optimizer/internal/path/registry.go:224.14,226.4 1 122
syspath-optimizer/internal/path/registry.go:228.2,228.15 1 48
syspath-optimizer/internal/path/registry.go:232.40,234.2 1 27
syspath-optimizer/internal/path/shellrunner.go:18.63,21.16 3 0
syspath-optimizer/internal/path/shellrunner.go:21.16,23.3 1 0
syspath-optimizer/internal/path/shellrunner.go:24.2,24.47 1 0
syspath-optimizer/internal/path/shellrunner.go:32.47,34.2 1 1
syspath-optimizer/internal/path/shellrunner.go:45.44,52.2 1 10
syspath-optimizer/internal/path/shellrunner.go:55.63,59.38 2 114
syspath-optimizer/internal/path/shellrunner.go:59.38,61.3 1 4
syspath-optimizer/internal/path/shellrunner.go:64.2,64.42 1 110
syspath-optimizer/internal/path/shellrunner.go:64.42,66.3 1 8
syspath-optimizer/internal/path/shellrunner.go:69.2,69.37 1 102
syspath-optimizer/internal/path/shellrunner.go:69.37,70.41 1 3
syspath-optimizer/internal/path/shellrunner.go:70.41,72.4 1 2
syspath-optimizer/internal/path/shellrunner.go:76.2,76.41 1 100
syspath-optimizer/internal/path/shellrunner.go:76.41,77.41 1 888
syspath-optimizer/internal/path/shellrunner.go:77.41,79.4 1 91
syspath-optimizer/internal/path/shellrunner.go:83.2,83.31 1 9
syspath-optimizer/internal/path/shellrunner.go:87.65,89.2 1 27
syspath-optimizer/internal/path/shellrunner.go:92.63,94.2 1 7
syspath-optimizer/internal/path/shellrunner.go:97.35,101.2 3 1
syspath-optimizer/internal/path/shortnames.go:9.46,10.47 1 19
syspath-optimizer/internal/path/shortnames.go:10.47,12.3 1 3
syspath-optimizer/internal/path/shortnames.go:14.2,30.50 3 16
syspath-optimizer/internal/path/shortnames.go:30.50,32.3 1 0
syspath-optimizer/internal/path/shortnames.go:35.2,35.29 1 16
syspath-optimizer/internal/path/shortnames.go:35.29,37.3 1 16
syspath-optimizer/internal/path/shortnames.go:38.2,38.20 1 0
syspath-optimizer/internal/path/shortnames.go:44.80,45.41 1 13
syspath-optimizer/internal/path/shortnames.go:45.41,47.3 1 3
syspath-optimizer/internal/path/shortnames.go:49.2,50.60 2 10
syspath-optimizer/internal/path/shortnames.go:50.60,52.3 1 4
syspath-optimizer/internal/path/shortnames.go:54.2,57.36 3 6
syspath-optimizer/internal/path/shortnames.go:57.36,59.3 1 2
syspath-optimizer/internal/path/shortnames.go:61.2,61.30 1 4
syspath-optimizer/internal/path/shortnames.go:65.50,80.2 1 4
syspath-optimizer/internal/path/shortnames.go:82.55,84.9 2 8
syspath-optimizer/internal/path/shortnames.go:84.9,86.3 1 5
syspath-optimizer/internal/path/shortnames.go:88.2,89.47 2 3
syspath-optimizer/internal/path/shortnames.go:89.47,91.3 1 1
syspath-optimizer/internal/path/shortnames.go:93.2,95.68 3 2
syspath-optimizer/internal/path/shortnames.go:95.68,97.3 1 0
syspath-optimizer/internal/path/shortnames.go:99.2,100.90 2 2
syspath-optimizer/internal/path/shortnames.go:100.90,104.38 3 0
syspath-optimizer/internal/path/shortnames.go:104.38,106.4 1 0
syspath-optimizer/internal/path/shortnames.go:109.2,109.27 1 2
syspath-optimizer/internal/path/testing.go:7.44,56.2 21 1
syspath-optimizer/internal/path/testing.go:59.56,64.22 5 1
syspath-optimizer/internal/path/testing.go:64.22,66.3 1 0
syspath-optimizer/internal/path/testing.go:70.30,73.2 2 0
syspath-optimizer/internal/path/testing.go:77.56,78.25 1 0
syspath-optimizer/internal/path/testing.go:78.25,86.45 2 0
syspath-optimizer/internal/path/testing.go:86.45,87.42 1 0
syspath-optimizer/internal/path/testing.go:87.42,88.82 1 0
syspath-optimizer/internal/tui/model.go:135.18,153.2 1 210
syspath-optimizer/internal/tui/model.go:155.31,155.45 1 1
syspath-optimizer/internal/tui/model.go:157.24,158.66 1 13
syspath-optimizer/internal/tui/model.go:158.66,158.87 1 0
syspath-optimizer/internal/tui/model.go:164.27,165.24 1 2
syspath-optimizer/internal/tui/model.go:165.24,167.85 2 0
syspath-optimizer/internal/tui/model.go:167.85,168.11 1 0
syspath-optimizer/internal/tui/model.go:169.81,169.81 0 0
syspath-optimizer/internal/tui/model.go:170.12,170.12 0 0
syspath-optimizer/internal/tui/model.go:173.3,173.45 1 0
syspath-optimizer/internal/tui/model.go:177.33,178.24 1 4
syspath-optimizer/internal/tui/model.go:178.24,179.10 1 0
syspath-optimizer/internal/tui/model.go:180.77,180.77 0 0
syspath-optimizer/internal/tui/model.go:181.11,181.11 0 0
syspath-optimizer/internal/tui/model.go:183.3,184.50 2 0
syspath-optimizer/internal/tui/model.go:188.35,189.24 1 3
syspath-optimizer/internal/tui/model.go:189.24,190.10 1 0
syspath-optimizer/internal/tui/model.go:191.87,191.87 0 0
syspath-optimizer/internal/tui/model.go:192.11,192.11 0 0
syspath-optimizer/internal/tui/model.go:194.3,195.56 2 0
syspath-optimizer/internal/tui/model.go:199.34,200.24 1 1
syspath-optimizer/internal/tui/model.go:200.24,201.10 1 0
syspath-optimizer/internal/tui/model.go:202.28,203.12 1 0
syspath-optimizer/internal/tui/model.go:204.45,205.14 1 0
syspath-optimizer/internal/tui/model.go:210.53,211.24 1 1
syspath-optimizer/internal/tui/model.go:211.24,214.3 2 0
syspath-optimizer/internal/tui/model.go:217.94,218.24 1 2
syspath-optimizer/internal/tui/model.go:218.24,224.41 3 0
syspath-optimizer/internal/tui/model.go:224.41,226.4 1 0
syspath-optimizer/internal/tui/model.go:227.3,227.70 1 0
syspath-optimizer/internal/tui/model.go:227.70,229.4 1 0
syspath-optimizer/internal/tui/model.go:231.3,231.17 1 0
syspath-optimizer/internal/tui/model.go:231.17,233.4 1 0
syspath-optimizer/internal/tui/model.go:235.3,235.52 1 0
syspath-optimizer/internal/tui/model.go:239.57,240.27 1 81
syspath-optimizer/internal/tui/model.go:241.25,244.16 3 3
syspath-optimizer/internal/tui/model.go:246.15,247.32 1 1
syspath-optimizer/internal/tui/model.go:247.32,250.4 2 1
syspath-optimizer/internal/tui/model.go:251.3,251.16 1 0
syspath-optimizer/internal/tui/model.go:253.19,256.21 3 1
syspath-optimizer/internal/tui/model.go:256.21,258.4 1 1
syspath-optimizer/internal/tui/model.go:259.3,259.16 1 1
syspath-optimizer/internal/tui/model.go:261.27,268.16 7 1
syspath-optimizer/internal/tui/model.go:270.26,278.16 8 1
syspath-optimizer/internal/tui/model.go:280.28,288.16 8 1
syspath-optimizer/internal/tui/model.go:290.26,295.18 5 3
syspath-optimizer/internal/tui/model.go:295.18,301.4 5 1
syspath-optimizer/internal/tui/model.go:302.3,303.21 2 2
syspath-optimizer/internal/tui/model.go:303.21,305.4 1 1
syspath-optimizer/internal/tui/model.go:305.9,307.4 1 1
syspath-optimizer/internal/tui/model.go:308.3,309.16 2 2
syspath-optimizer/internal/tui/model.go:311.24,316.21 5 2
syspath-optimizer/internal/tui/model.go:316.21,320.4 3 0
syspath-optimizer/internal/tui/model.go:320.9,324.4 3 2
syspath-optimizer/internal/tui/model.go:325.3,325.16 1 2
syspath-optimizer/internal/tui/model.go:327.18,328.31 1 68
syspath-optimizer/internal/tui/model.go:328.31,330.4 1 2
syspath-optimizer/internal/tui/model.go:331.3,331.32 1 66
syspath-optimizer/internal/tui/model.go:331.32,333.4 1 1
syspath-optimizer/internal/tui/model.go:334.3,334.26 1 65
syspath-optimizer/internal/tui/model.go:336.2,336.15 1 0
syspath-optimizer/internal/tui/model.go:339.59,342.18 2 65
syspath-optimizer/internal/tui/model.go:343.18,344.30 1 24
syspath-optimizer/internal/tui/model.go:345.47,346.35 1 5
syspath-optimizer/internal/tui/model.go:347.30,348.42 1 2
syspath-optimizer/internal/tui/model.go:349.27,350.42 1 0
syspath-optimizer/internal/tui/model.go:351.24,352.32 1 5
syspath-optimizer/internal/tui/model.go:353.20,354.32 1 5
syspath-optimizer/internal/tui/model.go:355.27,356.39 1 0
syspath-optimizer/internal/tui/model.go:357.61,358.39 1 2
syspath-optimizer/internal/tui/model.go:359.24,360.44 1 0
syspath-optimizer/internal/tui/model.go:361.23,362.35 1 4
syspath-optimizer/internal/tui/model.go:363.33,364.45 1 1
syspath-optimizer/internal/tui/model.go:365.28,366.40 1 2
syspath-optimizer/internal/tui/model.go:367.21,368.33 1 5
syspath-optimizer/internal/tui/model.go:369.28,370.40 1 1
syspath-optimizer/internal/tui/model.go:371.25,372.42 1 0
syspath-optimizer/internal/tui/model.go:373.22,374.34 1 3
syspath-optimizer/internal/tui/model.go:375.22,376.34 1 6
syspath-optimizer/internal/tui/model.go:378.2,378.15 1 0
syspath-optimizer/internal/tui/model.go:381.59,382.13 1 24
syspath-optimizer/internal/tui/model.go:383.17,384.22 1 3
syspath-optimizer/internal/tui/model.go:384.22,386.4 1 2
syspath-optimizer/internal/tui/model.go:387.19,388.39 1 3
syspath-optimizer/internal/tui/model.go:388.39,390.4 1 2
syspath-optimizer/internal/tui/model.go:391.15,392.28 1 8
syspath-optimizer/internal/tui/model.go:393.18,394.21 1 2
syspath-optimizer/internal/tui/model.go:395.46,397.29 2 8
syspath-optimizer/internal/tui/model.go:397.29,400.4 2 8
syspath-optimizer/internal/tui/model.go:402.2,402.15 1 6
syspath-optimizer/internal/tui/model.go:405.50,406.21 1 16
syspath-optimizer/internal/tui/model.go:407.9,411.47 4 2
syspath-optimizer/internal/tui/model.go:412.9,414.21 2 2
syspath-optimizer/internal/tui/model.go:415.9,419.17 4 2
syspath-optimizer/internal/tui/model.go:420.9,424.53 4 2
syspath-optimizer/internal/tui/model.go:425.9,430.22 5 2
syspath-optimizer/internal/tui/model.go:431.9,432.28 1 2
syspath-optimizer/internal/tui/model.go:433.9,434.28 1 2
syspath-optimizer/internal/tui/model.go:435.9,436.21 1 2
syspath-optimizer/internal/tui/model.go:438.2,438.15 1 10
syspath-optimizer/internal/tui/model.go:442.44,446.2 3 5
syspath-optimizer/internal/tui/model.go:449.39,450.26 1 6
syspath-optimizer/internal/tui/model.go:451.14,452.30 1 3
syspath-optimizer/internal/tui/model.go:453.16,454.28 1 1
syspath-optimizer/internal/tui/model.go:455.10,456.28 1 2
syspath-optimizer/internal/tui/model.go:458.2,458.10 1 6
syspath-optimizer/internal/tui/model.go:461.64,462.13 1 15
syspath-optimizer/internal/tui/model.go:463.18,466.21 3 2
syspath-optimizer/internal/tui/model.go:467.26,469.26 2 4
syspath-optimizer/internal/tui/model.go:470.16,471.25 1 2
syspath-optimizer/internal/tui/model.go:472.16,473.36 1 2
syspath-optimizer/internal/tui/model.go:474.17,475.25 1 2
syspath-optimizer/internal/tui/model.go:475.25,477.4 1 1
syspath-optimizer/internal/tui/model.go:478.19,479.19 1 1
syspath-optimizer/internal/tui/model.go:481.2,481.15 1 15
syspath-optimizer/internal/tui/model.go:484.71,485.13 1 4
syspath-optimizer/internal/tui/model.go:486.16,490.96 4 2
syspath-optimizer/internal/tui/model.go:491.23,492.36 1 2
syspath-optimizer/internal/tui/model.go:494.2,494.15 1 2
syspath-optimizer/internal/tui/model.go:497.74,498.13 1 3
syspath-optimizer/internal/tui/model.go:499.16,501.29 2 1
syspath-optimizer/internal/tui/model.go:502.18,505.29 3 2
syspath-optimizer/internal/tui/model.go:505.29,507.4 1 1
syspath-optimizer/internal/tui/model.go:509.2,509.15 1 3
syspath-optimizer/internal/tui/model.go:512.61,513.13 1 9
syspath-optimizer/internal/tui/model.go:514.18,516.21 2 3
syspath-optimizer/internal/tui/model.go:517.16,518.30 1 1
syspath-optimizer/internal/tui/model.go:518.30,520.4 1 1
syspath-optimizer/internal/tui/model.go:520.9,522.4 1 0
syspath-optimizer/internal/tui/model.go:523.3,523.21 1 1
syspath-optimizer/internal/tui/model.go:524.16,525.39 1 2
syspath-optimizer/internal/tui/model.go:526.17,527.25 1 1
syspath-optimizer/internal/tui/model.go:527.25,529.4 1 1
syspath-optimizer/internal/tui/model.go:530.19,531.19 1 1
syspath-optimizer/internal/tui/model.go:533.2,533.15 1 9
syspath-optimizer/internal/tui/model.go:537.43,539.16 2 2
syspath-optimizer/internal/tui/model.go:539.16,542.3 2 0
syspath-optimizer/internal/tui/model.go:543.2,545.10 3 2
syspath-optimizer/internal/tui/model.go:549.41,550.25 1 1
syspath-optimizer/internal/tui/model.go:550.25,552.3 1 1
syspath-optimizer/internal/tui/model.go:553.2,553.83 1 0
syspath-optimizer/internal/tui/model.go:553.83,557.3 3 0
syspath-optimizer/internal/tui/model.go:558.2,558.10 1 0
syspath-optimizer/internal/tui/model.go:561.61,562.13 1 10
syspath-optimizer/internal/tui/model.go:563.18,565.17 2 1
syspath-optimizer/internal/tui/model.go:566.17,567.24 1 1
syspath-optimizer/internal/tui/model.go:567.24,569.4 1 1
syspath-optimizer/internal/tui/model.go:570.19,571.39 1 2
syspath-optimizer/internal/tui/model.go:571.39,573.4 1 2
syspath-optimizer/internal/tui/model.go:574.16,575.29 1 1
syspath-optimizer/internal/tui/model.go:576.16,577.27 1 0
syspath-optimizer/internal/tui/model.go:578.16,579.25 1 2
syspath-optimizer/internal/tui/model.go:579.25,581.4 1 2
syspath-optimizer/internal/tui/model.go:582.16,583.25 1 2
syspath-optimizer/internal/tui/model.go:583.25,585.4 1 2
syspath-optimizer/internal/tui/model.go:587.2,587.15 1 10
syspath-optimizer/internal/tui/model.go:590.68,591.13 1 3
syspath-optimizer/internal/tui/model.go:592.18,595.21 3 1
syspath-optimizer/internal/tui/model.go:596.17,597.25 1 1
syspath-optimizer/internal/tui/model.go:597.25,599.4 1 1
syspath-optimizer/internal/tui/model.go:600.19,601.19 1 1
syspath-optimizer/internal/tui/model.go:603.2,603.15 1 3
syspath-optimizer/internal/tui/model.go:606.68,607.13 1 5
syspath-optimizer/internal/tui/model.go:608.16,609.45 1 3
syspath-optimizer/internal/tui/model.go:609.45,610.91 1 2
syspath-optimizer/internal/tui/model.go:610.91,612.5 1 2
syspath-optimizer/internal/tui/model.go:612.10,616.5 3 0
syspath-optimizer/internal/tui/model.go:617.9,618.79 1 1
syspath-optimizer/internal/tui/model.go:618.79,620.5 1 1
syspath-optimizer/internal/tui/model.go:620.10,622.5 1 0
syspath-optimizer/internal/tui/model.go:623.4,625.60 3 1
syspath-optimizer/internal/tui/model.go:625.60,627.5 1 0
syspath-optimizer/internal/tui/model.go:629.23,630.26 1 2
syspath-optimizer/internal/tui/model.go:632.2,632.15 1 5
syspath-optimizer/internal/tui/model.go:636.58,641.2 4 2
syspath-optimizer/internal/tui/model.go:644.62,650.2 5 2
syspath-optimizer/internal/tui/model.go:653.46,661.2 7 2
syspath-optimizer/internal/tui/model.go:664.46,665.27 1 3
syspath-optimizer/internal/tui/model.go:665.27,667.3 1 2
syspath-optimizer/internal/tui/model.go:668.2,668.79 1 1
syspath-optimizer/internal/tui/model.go:668.79,670.3 1 0
syspath-optimizer/internal/tui/model.go:670.8,672.3 1 1
syspath-optimizer/internal/tui/model.go:673.2,674.64 2 1
syspath-optimizer/internal/tui/model.go:674.64,676.3 1 0
syspath-optimizer/internal/tui/model.go:677.2,677.10 1 1
syspath-optimizer/internal/tui/model.go:680.64,681.13 1 9
syspath-optimizer/internal/tui/model.go:682.18,684.17 2 1
syspath-optimizer/internal/tui/model.go:685.11,686.36 1 1
syspath-optimizer/internal/tui/model.go:687.11,688.40 1 1
syspath-optimizer/internal/tui/model.go:689.11,690.32 1 1
syspath-optimizer/internal/tui/model.go:691.16,692.32 1 0
syspath-optimizer/internal/tui/model.go:693.17,694.26 1 1
syspath-optimizer/internal/tui/model.go:694.26,696.4 1 1
syspath-optimizer/internal/tui/model.go:697.19,698.43 1 2
syspath-optimizer/internal/tui/model.go:698.43,700.4 1 2
syspath-optimizer/internal/tui/model.go:702.2,702.15 1 7
syspath-optimizer/internal/tui/model.go:705.74,706.13 1 5
syspath-optimizer/internal/tui/model.go:707.18,711.17 4 1
syspath-optimizer/internal/tui/model.go:712.16,713.69 1 1
syspath-optimizer/internal/tui/model.go:713.69,719.4 5 1
syspath-optimizer/internal/tui/model.go:720.17,721.26 1 1
syspath-optimizer/internal/tui/model.go:721.26,723.4 1 1
syspath-optimizer/internal/tui/model.go:724.19,725.45 1 2
syspath-optimizer/internal/tui/model.go:725.45,727.4 1 2
syspath-optimizer/internal/tui/model.go:729.2,729.15 1 4
syspath-optimizer/internal/tui/model.go:733.51,738.2 4 1
syspath-optimizer/internal/tui/model.go:741.50,742.54 1 2
syspath-optimizer/internal/tui/model.go:742.54,745.3 2 1
syspath-optimizer/internal/tui/model.go:746.2,746.80 1 1
syspath-optimizer/internal/tui/model.go:746.80,747.79 1 1
syspath-optimizer/internal/tui/model.go:747.79,750.4 2 1
syspath-optimizer/internal/tui/model.go:750.9,755.4 4 0
syspath-optimizer/internal/tui/model.go:757.2,757.10 1 1
syspath-optimizer/internal/tui/model.go:761.54,762.57 1 2
syspath-optimizer/internal/tui/model.go:762.57,764.3 1 1
syspath-optimizer/internal/tui/model.go:764.8,764.66 1 1
syspath-optimizer/internal/tui/model.go:764.66,766.3 1 1
syspath-optimizer/internal/tui/model.go:767.2,767.10 1 2
syspath-optimizer/internal/tui/model.go:771.59,772.52 1 3
syspath-optimizer/internal/tui/model.go:772.52,773.31 1 3
syspath-optimizer/internal/tui/model.go:773.31,775.4 1 2
syspath-optimizer/internal/tui/model.go:775.9,777.4 1 1
syspath-optimizer/internal/tui/model.go:779.2,779.10 1 3
syspath-optimizer/internal/tui/model.go:782.69,783.13 1 3
syspath-optimizer/internal/tui/model.go:784.13,785.37 1 0
syspath-optimizer/internal/tui/model.go:786.13,787.54 1 2
syspath-optimizer/internal/tui/model.go:788.15,789.36 1 0
syspath-optimizer/internal/tui/model.go:790.19,791.40 1 0
syspath-optimizer/internal/tui/model.go:792.10,793.38 1 1
syspath-optimizer/internal/tui/model.go:795.2,795.15 1 3
syspath-optimizer/internal/tui/model.go:799.55,800.13 1 4
syspath-optimizer/internal/tui/model.go:801.13,802.27 1 2
syspath-optimizer/internal/tui/model.go:803.17,804.25 1 1
syspath-optimizer/internal/tui/model.go:804.25,806.4 1 1
syspath-optimizer/internal/tui/model.go:807.19,808.44 1 1
syspath-optimizer/internal/tui/model.go:808.44,810.4 1 1
syspath-optimizer/internal/tui/model.go:811.21,812.24 1 0
syspath-optimizer/internal/tui/model.go:813.21,814.26 1 0
syspath-optimizer/internal/tui/model.go:815.26,816.29 1 0
syspath-optimizer/internal/tui/model.go:817.16,819.34 2 0
syspath-optimizer/internal/tui/model.go:821.2,821.10 1 4
syspath-optimizer/internal/tui/model.go:825.38,826.24 1 1
syspath-optimizer/internal/tui/model.go:826.24,830.3 3 1
syspath-optimizer/internal/tui/model.go:831.2,831.10 1 1
syspath-optimizer/internal/tui/model.go:835.40,836.43 1 1
syspath-optimizer/internal/tui/model.go:836.43,840.3 3 1
syspath-optimizer/internal/tui/model.go:841.2,841.10 1 1
syspath-optimizer/internal/tui/model.go:845.43,846.28 1 1
syspath-optimizer/internal/tui/model.go:846.28,848.43 2 1
syspath-optimizer/internal/tui/model.go:848.43,850.4 1 0
syspath-optimizer/internal/tui/model.go:851.3,851.23 1 1
syspath-optimizer/internal/tui/model.go:853.2,853.10 1 1
syspath-optimizer/internal/tui/model.go:857.57,858.13 1 7
syspath-optimizer/internal/tui/model.go:859.18,860.24 1 1
syspath-optimizer/internal/tui/model.go:861.16,865.21 4 2
syspath-optimizer/internal/tui/model.go:866.16,867.50 1 2
syspath-optimizer/internal/tui/model.go:867.50,872.4 4 1
syspath-optimizer/internal/tui/model.go:873.16,874.50 1 1
syspath-optimizer/internal/tui/model.go:874.50,876.4 1 1
syspath-optimizer/internal/tui/model.go:878.2,878.10 1 7
syspath-optimizer/internal/tui/model.go:881.62,882.22 1 6
syspath-optimizer/internal/tui/model.go:882.22,884.3 1 1
syspath-optimizer/internal/tui/model.go:885.2,885.43 1 5
syspath-optimizer/internal/tui/model.go:888.36,897.2 3 4
syspath-optimizer/internal/tui/model.go:899.69,900.13 1 3
syspath-optimizer/internal/tui/model.go:901.16,902.26 1 2
syspath-optimizer/internal/tui/model.go:902.26,906.4 3 0
syspath-optimizer/internal/tui/model.go:907.3,908.16 2 2
syspath-optimizer/internal/tui/model.go:908.16,910.4 1 0
syspath-optimizer/internal/tui/model.go:911.3,911.80 1 2
syspath-optimizer/internal/tui/model.go:911.80,913.4 1 0
syspath-optimizer/internal/tui/model.go:913.9,916.4 2 2
syspath-optimizer/internal/tui/model.go:917.23,918.27 1 1
syspath-optimizer/internal/tui/model.go:920.2,920.15 1 3
syspath-optimizer/internal/tui/model.go:923.63,924.13 1 7
syspath-optimizer/internal/tui/model.go:925.18,926.24 1 2
syspath-optimizer/internal/tui/model.go:927.17,928.26 1 1
syspath-optimizer/internal/tui/model.go:928.26,930.4 1 1
syspath-optimizer/internal/tui/model.go:931.19,932.26 1 2
syspath-optimizer/internal/tui/model.go:932.26,934.4 1 2
syspath-optimizer/internal/tui/model.go:935.25,936.26 1 2
syspath-optimizer/internal/tui/model.go:937.10,938.36 1 0
syspath-optimizer/internal/tui/model.go:938.36,940.5 1 0
syspath-optimizer/internal/tui/model.go:940.10,940.38 1 0
syspath-optimizer/internal/tui/model.go:940.38,942.5 1 0
syspath-optimizer/internal/tui/model.go:943.10,944.46 1 2
syspath-optimizer/internal/tui/model.go:946.3,946.32 1 2
syspath-optimizer/internal/tui/model.go:948.2,948.15 1 7
syspath-optimizer/internal/tui/model.go:952.57,953.13 1 7
syspath-optimizer/internal/tui/model.go:954.13,956.22 2 2
syspath-optimizer/internal/tui/model.go:957.15,958.27 1 2
syspath-optimizer/internal/tui/model.go:958.27,964.4 5 2
syspath-optimizer/internal/tui/model.go:965.19,966.30 1 1
syspath-optimizer/internal/tui/model.go:966.30,968.4 1 1
syspath-optimizer/internal/tui/model.go:969.10,970.53 1 2
syspath-optimizer/internal/tui/model.go:970.53,972.4 1 2
syspath-optimizer/internal/tui/model.go:974.2,974.10 1 7
syspath-optimizer/internal/tui/model.go:978.55,979.13 1 7
syspath-optimizer/internal/tui/model.go:980.18,982.17 2 1
syspath-optimizer/internal/tui/model.go:983.16,985.22 2 2
syspath-optimizer/internal/tui/model.go:986.21,987.31 1 1
syspath-optimizer/internal/tui/model.go:988.17,989.25 1 1
syspath-optimizer/internal/tui/model.go:989.25,991.4 1 1
syspath-optimizer/internal/tui/model.go:992.19,993.48 1 2
syspath-optimizer/internal/tui/model.go:993.48,995.4 1 2
syspath-optimizer/internal/tui/model.go:996.16,997.24 1 0
syspath-optimizer/internal/tui/model.go:998.16,999.26 1 0
syspath-optimizer/internal/tui/model.go:1001.2,1001.10 1 7
syspath-optimizer/internal/tui/model.go:1005.45,1006.75 1 2
syspath-optimizer/internal/tui/model.go:1006.75,1009.69 3 2
syspath-optimizer/internal/tui/model.go:1009.69,1011.4 1 0
syspath-optimizer/internal/tui/model.go:1012.3,1012.29 1 2
syspath-optimizer/internal/tui/model.go:1014.2,1014.10 1 2
syspath-optimizer/internal/tui/model.go:1018.38,1019.24 1 1
syspath-optimizer/internal/tui/model.go:1019.24,1023.3 3 1
syspath-optimizer/internal/tui/model.go:1024.2,1024.10 1 1
syspath-optimizer/internal/tui/model.go:1028.40,1029.47 1 1
syspath-optimizer/internal/tui/model.go:1029.47,1033.3 3 1
syspath-optimizer/internal/tui/model.go:1034.2,1034.10 1 1
syspath-optimizer/internal/tui/model.go:1037.63,1038.21 1 7
syspath-optimizer/internal/tui/model.go:1038.21,1040.3 1 3
syspath-optimizer/internal/tui/model.go:1041.2,1041.41 1 4
syspath-optimizer/internal/tui/model.go:1045.30,1046.18 1 28
syspath-optimizer/internal/tui/model.go:1047.21,1048.25 1 2
syspath-optimizer/internal/tui/model.go:1049.18,1050.22 1 2
syspath-optimizer/internal/tui/model.go:1051.47,1052.27 1 8
syspath-optimizer/internal/tui/model.go:1053.30,1054.103 1 1
syspath-optimizer/internal/tui/model.go:1055.27,1056.77 1 1
syspath-optimizer/internal/tui/model.go:1057.24,1058.28 1 1
syspath-optimizer/internal/tui/model.go:1059.20,1060.24 1 1
syspath-optimizer/internal/tui/model.go:1061.27,1062.31 1 1
syspath-optimizer/internal/tui/model.go:1063.34,1064.48 1 1
syspath-optimizer/internal/tui/model.go:1065.33,1066.44 1 1
syspath-optimizer/internal/tui/model.go:1067.24,1068.36 1 1
syspath-optimizer/internal/tui/model.go:1069.23,1070.27 1 1
syspath-optimizer/internal/tui/model.go:1071.33,1072.37 1 1
syspath-optimizer/internal/tui/model.go:1073.28,1074.32 1 1
syspath-optimizer/internal/tui/model.go:1075.21,1076.25 1 1
syspath-optimizer/internal/tui/model.go:1077.28,1079.16 2 1
syspath-optimizer/internal/tui/model.go:1079.16,1081.4 1 0
syspath-optimizer/internal/tui/model.go:1082.3,1082.86 1 1
syspath-optimizer/internal/tui/model.go:1083.25,1084.60 1 1
syspath-optimizer/internal/tui/model.go:1085.22,1086.26 1 1
syspath-optimizer/internal/tui/model.go:1087.22,1088.26 1 1
syspath-optimizer/internal/tui/model.go:1090.2,1090.11 1 0
syspath-optimizer/internal/tui/model.go:1093.37,1102.24 6 2
syspath-optimizer/internal/tui/model.go:1102.24,1107.24 4 1
syspath-optimizer/internal/tui/model.go:1107.24,1109.4 1 0
syspath-optimizer/internal/tui/model.go:1110.3,1111.119 2 1
syspath-optimizer/internal/tui/model.go:1115.2,1115.25 1 2
syspath-optimizer/internal/tui/model.go:1115.25,1117.21 2 1
syspath-optimizer/internal/tui/model.go:1117.21,1119.4 1 0
syspath-optimizer/internal/tui/model.go:1120.3,1120.53 1 1
syspath-optimizer/internal/tui/model.go:1121.8,1123.3 1 1
syspath-optimizer/internal/tui/model.go:1125.2,1125.19 1 2
syspath-optimizer/internal/tui/model.go:1128.34,1131.15 3 4
syspath-optimizer/internal/tui/model.go:1131.15,1133.3 1 0
syspath-optimizer/internal/tui/model.go:1134.2,1136.35 2 4
syspath-optimizer/internal/tui/model.go:1136.35,1139.23 3 32
syspath-optimizer/internal/tui/model.go:1139.23,1142.4 2 3
syspath-optimizer/internal/tui/model.go:1143.3,1143.97 1 32
syspath-optimizer/internal/tui/model.go:1146.2,1147.19 2 4
syspath-optimizer/internal/tui/model.go:1150.39,1151.23 1 9
syspath-optimizer/internal/tui/model.go:1151.23,1153.3 1 0
syspath-optimizer/internal/tui/model.go:1155.2,1161.27 5 9
syspath-optimizer/internal/tui/model.go:1161.27,1162.22 1 36
syspath-optimizer/internal/tui/model.go:1162.22,1164.4 1 9
syspath-optimizer/internal/tui/model.go:1164.9,1166.4 1 27
syspath-optimizer/internal/tui/model.go:1168.2,1170.20 2 9
syspath-optimizer/internal/tui/model.go:1171.9,1172.35 1 6
syspath-optimizer/internal/tui/model.go:1173.9,1174.35 1 1
syspath-optimizer/internal/tui/model.go:1175.9,1176.31 1 1
syspath-optimizer/internal/tui/model.go:1177.9,1178.32 1 1
syspath-optimizer/internal/tui/model.go:1181.2,1182.19 2 9
syspath-optimizer/internal/tui/model.go:1185.39,1191.16 5 7
syspath-optimizer/internal/tui/model.go:1191.16,1193.3 1 7
syspath-optimizer/internal/tui/model.go:1194.2,1203.16 7 7
syspath-optimizer/internal/tui/model.go:1203.16,1205.3 1 7
syspath-optimizer/internal/tui/model.go:1206.2,1218.41 9 7
syspath-optimizer/internal/tui/model.go:1218.41,1222.48 4 0
syspath-optimizer/internal/tui/model.go:1222.48,1224.4 1 0
syspath-optimizer/internal/tui/model.go:1225.3,1225.77 1 0
syspath-optimizer/internal/tui/model.go:1228.2,1228.19 1 7
syspath-optimizer/internal/tui/model.go:1231.39,1235.62 3 2
syspath-optimizer/internal/tui/model.go:1235.62,1236.29 1 4
syspath-optimizer/internal/tui/model.go:1236.29,1238.18 2 1
syspath-optimizer/internal/tui/model.go:1239.21,1240.76 1 1
syspath-optimizer/internal/tui/model.go:1241.16,1242.75 1 0
syspath-optimizer/internal/tui/model.go:1243.21,1244.122 1 0
syspath-optimizer/internal/tui/model.go:1245.20,1246.122 1 0
syspath-optimizer/internal/tui/model.go:1248.4,1248.81 1 1
syspath-optimizer/internal/tui/model.go:1252.2,1255.26 3 2
syspath-optimizer/internal/tui/model.go:1255.26,1257.3 1 1
syspath-optimizer/internal/tui/model.go:1259.2,1261.40 3 1
syspath-optimizer/internal/tui/model.go:1261.40,1263.3 1 1
syspath-optimizer/internal/tui/model.go:1264.2,1264.15 1 1
syspath-optimizer/internal/tui/model.go:1264.15,1266.3 1 1
syspath-optimizer/internal/tui/model.go:1267.2,1268.27 2 1
syspath-optimizer/internal/tui/model.go:1268.27,1270.3 1 1
syspath-optimizer/internal/tui/model.go:1272.2,1272.15 1 1
syspath-optimizer/internal/tui/model.go:1272.15,1274.3 1 0
syspath-optimizer/internal/tui/model.go:1275.2,1275.45 1 1
syspath-optimizer/internal/tui/model.go:1275.45,1277.3 1 1
syspath-optimizer/internal/tui/model.go:1278.2,1278.27 1 1
syspath-optimizer/internal/tui/model.go:1278.27,1280.3 1 0
syspath-optimizer/internal/tui/model.go:1281.2,1283.19 2 1
syspath-optimizer/internal/tui/model.go:1286.35,1290.26 3 2
syspath-optimizer/internal/tui/model.go:1291.16,1293.19 2 0
syspath-optimizer/internal/tui/model.go:1294.10,1296.17 2 2
syspath-optimizer/internal/tui/model.go:1299.2,1307.19 7 2
syspath-optimizer/internal/tui/model.go:1310.36,1314.26 3 2
syspath-optimizer/internal/tui/model.go:1315.16,1317.19 2 0
syspath-optimizer/internal/tui/model.go:1318.10,1320.17 2 2
syspath-optimizer/internal/tui/model.go:1323.2,1329.37 6 2
syspath-optimizer/internal/tui/model.go:1329.37,1331.3 1 2
syspath-optimizer/internal/tui/model.go:1332.2,1332.15 1 2
syspath-optimizer/internal/tui/model.go:1332.15,1334.3 1 2
syspath-optimizer/internal/tui/model.go:1335.2,1336.24 2 2
syspath-optimizer/internal/tui/model.go:1336.24,1338.3 1 2
syspath-optimizer/internal/tui/model.go:1340.2,1340.15 1 2
syspath-optimizer/internal/tui/model.go:1340.15,1342.3 1 0
syspath-optimizer/internal/tui/model.go:1343.2,1343.31 1 2
syspath-optimizer/internal/tui/model.go:1343.31,1345.22 2 0
syspath-optimizer/internal/tui/model.go:1345.22,1347.4 1 0
syspath-optimizer/internal/tui/model.go:1348.3,1348.95 1 0
syspath-optimizer/internal/tui/model.go:1350.2,1350.24 1 2
syspath-optimizer/internal/tui/model.go:1350.24,1352.3 1 0
syspath-optimizer/internal/tui/model.go:1354.2,1354.19 1 2
syspath-optimizer/internal/tui/model.go:1357.67,1361.2 3 3
syspath-optimizer/internal/tui/model.go:1363.69,1367.19 3 5
syspath-optimizer/internal/tui/model.go:1367.19,1369.3 1 2
syspath-optimizer/internal/tui/model.go:1371.2,1377.19 6 5
syspath-optimizer/internal/tui/model.go:1377.19,1379.3 1 0
syspath-optimizer/internal/tui/model.go:1379.8,1381.3 1 5
syspath-optimizer/internal/tui/model.go:1382.2,1383.19 2 5
syspath-optimizer/internal/tui/model.go:1386.40,1391.22 4 2
syspath-optimizer/internal/tui/model.go:1391.22,1393.3 1 0
syspath-optimizer/internal/tui/model.go:1393.8,1395.3 1 2
syspath-optimizer/internal/tui/model.go:1397.2,1400.37 4 2
syspath-optimizer/internal/tui/model.go:1400.37,1402.3 1 2
syspath-optimizer/internal/tui/model.go:1403.2,1403.15 1 2
syspath-optimizer/internal/tui/model.go:1403.15,1405.3 1 2
syspath-optimizer/internal/tui/model.go:1406.2,1407.24 2 2
syspath-optimizer/internal/tui/model.go:1407.24,1409.3 1 2
syspath-optimizer/internal/tui/model.go:1411.2,1411.15 1 2
syspath-optimizer/internal/tui/model.go:1411.15,1413.3 1 0
syspath-optimizer/internal/tui/model.go:1414.2,1414.31 1 2
syspath-optimizer/internal/tui/model.go:1414.31,1418.47 4 4
syspath-optimizer/internal/tui/model.go:1418.47,1420.4 1 0
syspath-optimizer/internal/tui/model.go:1421.3,1422.29 2 4
syspath-optimizer/internal/tui/model.go:1422.29,1424.4 1 0
syspath-optimizer/internal/tui/model.go:1425.3,1425.128 1 4
syspath-optimizer/internal/tui/model.go:1427.2,1427.24 1 2
syspath-optimizer/internal/tui/model.go:1427.24,1429.3 1 0
syspath-optimizer/internal/tui/model.go:1431.2,1434.22 3 2
syspath-optimizer/internal/tui/model.go:1434.22,1436.3 1 0
syspath-optimizer/internal/tui/model.go:1437.2,1438.19 2 2
syspath-optimizer/internal/tui/model.go:1441.36,1446.21 4 2
syspath-optimizer/internal/tui/model.go:1446.21,1448.3 1 0
syspath-optimizer/internal/tui/model.go:1450.2,1450.25 1 2
syspath-optimizer/internal/tui/model.go:1450.25,1452.3 1 1
syspath-optimizer/internal/tui/model.go:1452.8,1455.36 3 1
syspath-optimizer/internal/tui/model.go:1455.36,1458.26 3 1
syspath-optimizer/internal/tui/model.go:1458.26,1461.5 2 1
syspath-optimizer/internal/tui/model.go:1462.4,1462.104 1 1
syspath-optimizer/internal/tui/model.go:1464.3,1464.77 1 1
syspath-optimizer/internal/tui/model.go:1467.2,1468.24 2 2
syspath-optimizer/internal/tui/model.go:1468.24,1470.3 1 1
syspath-optimizer/internal/tui/model.go:1471.2,1472.19 2 2
syspath-optimizer/internal/tui/model.go:1475.43,1477.28 2 1
syspath-optimizer/internal/tui/model.go:1477.28,1479.3 1 0
syspath-optimizer/internal/tui/model.go:1481.2,1487.55 5 1
syspath-optimizer/internal/tui/model.go:1487.55,1488.13 1 0
syspath-optimizer/internal/tui/model.go:1488.13,1490.9 2 0
syspath-optimizer/internal/tui/model.go:1492.3,1492.18 1 0
syspath-optimizer/internal/tui/model.go:1492.18,1494.4 1 0
syspath-optimizer/internal/tui/model.go:1495.3,1495.47 1 0
syspath-optimizer/internal/tui/model.go:1497.2,1500.53 3 1
syspath-optimizer/internal/tui/model.go:1500.53,1501.13 1 0
syspath-optimizer/internal/tui/model.go:1501.13,1503.9 2 0
syspath-optimizer/internal/tui/model.go:1505.3,1505.18 1 0
syspath-optimizer/internal/tui/model.go:1505.18,1507.4 1 0
syspath-optimizer/internal/tui/model.go:1508.3,1508.47 1 0
syspath-optimizer/internal/tui/model.go:1510.2,1513.19 3 1
syspath-optimizer/internal/tui/model.go:1516.78,1521.25 5 3
syspath-optimizer/internal/tui/model.go:1521.25,1523.3 1 1
syspath-optimizer/internal/tui/model.go:1523.8,1525.3 1 2
syspath-optimizer/internal/tui/model.go:1526.2,1527.33 2 3
syspath-optimizer/internal/tui/model.go:1530.39,1535.21 4 2
syspath-optimizer/internal/tui/model.go:1535.21,1537.3 1 0
syspath-optimizer/internal/tui/model.go:1539.2,1541.27 2 2
syspath-optimizer/internal/tui/model.go:1541.27,1543.3 1 1
syspath-optimizer/internal/tui/model.go:1543.8,1547.33 4 1
syspath-optimizer/internal/tui/model.go:1547.33,1550.28 3 1
syspath-optimizer/internal/tui/model.go:1550.28,1553.5 2 1
syspath-optimizer/internal/tui/model.go:1554.4,1555.24 2 1
syspath-optimizer/internal/tui/model.go:1555.24,1557.5 1 0
syspath-optimizer/internal/tui/model.go:1558.4,1558.84 1 1
syspath-optimizer/internal/tui/model.go:1560.3,1561.49 2 1
syspath-optimizer/internal/tui/model.go:1564.2,1565.19 2 2
syspath-optimizer/internal/tui/model.go:1568.49,1572.21 3 2
syspath-optimizer/internal/tui/model.go:1572.21,1573.19 1 0
syspath-optimizer/internal/tui/model.go:1573.19,1575.4 1 0
syspath-optimizer/internal/tui/model.go:1575.9,1577.4 1 0
syspath-optimizer/internal/tui/model.go:1580.2,1580.29 1 2
syspath-optimizer/internal/tui/model.go:1580.29,1582.3 1 1
syspath-optimizer/internal/tui/model.go:1582.8,1585.37 3 1
syspath-optimizer/internal/tui/model.go:1585.37,1587.4 1 0
syspath-optimizer/internal/tui/model.go:1588.3,1588.44 1 1
syspath-optimizer/internal/tui/model.go:1588.44,1590.4 1 1
syspath-optimizer/internal/tui/model.go:1591.3,1591.16 1 1
syspath-optimizer/internal/tui/model.go:1591.16,1593.4 1 1
syspath-optimizer/internal/tui/model.go:1594.3,1595.31 2 1
syspath-optimizer/internal/tui/model.go:1595.31,1597.4 1 1
syspath-optimizer/internal/tui/model.go:1599.3,1599.16 1 1
syspath-optimizer/internal/tui/model.go:1599.16,1601.4 1 0
syspath-optimizer/internal/tui/model.go:1602.3,1602.32 1 1
syspath-optimizer/internal/tui/model.go:1602.32,1606.28 4 1
syspath-optimizer/internal/tui/model.go:1606.28,1609.5 2 1
syspath-optimizer/internal/tui/model.go:1610.4,1612.26 3 1
syspath-optimizer/internal/tui/model.go:1612.26,1614.5 1 0
syspath-optimizer/internal/tui/model.go:1615.4,1615.122 1 1
syspath-optimizer/internal/tui/model.go:1617.3,1617.31 1 1
syspath-optimizer/internal/tui/model.go:1617.31,1619.4 1 0
syspath-optimizer/internal/tui/model.go:1621.3,1621.65 1 1
syspath-optimizer/internal/tui/model.go:1624.2,1625.19 2 2
syspath-optimizer/internal/tui/model.go:1628.44,1632.21 3 1
syspath-optimizer/internal/tui/model.go:1632.21,1633.19 1 0
syspath-optimizer/internal/tui/model.go:1633.19,1635.4 1 0
syspath-optimizer/internal/tui/model.go:1638.2,1640.30 3 1
syspath-optimizer/internal/tui/model.go:1640.30,1643.3 2 1
syspath-optimizer/internal/tui/model.go:1644.2,1645.30 2 1
syspath-optimizer/internal/tui/model.go:1645.30,1647.3 1 1
syspath-optimizer/internal/tui/model.go:1648.2,1652.30 4 1
syspath-optimizer/internal/tui/model.go:1652.30,1655.3 2 0
syspath-optimizer/internal/tui/model.go:1656.2,1657.30 2 1
syspath-optimizer/internal/tui/model.go:1657.30,1659.3 1 0
syspath-optimizer/internal/tui/model.go:1660.2,1664.19 4 1
syspath-optimizer/internal/tui/model.go:1667.37,1671.30 3 2
syspath-optimizer/internal/tui/model.go:1671.30,1673.3 1 0
syspath-optimizer/internal/tui/model.go:1675.2,1675.22 1 2
syspath-optimizer/internal/tui/model.go:1675.22,1680.37 4 0
syspath-optimizer/internal/tui/model.go:1680.37,1683.27 3 0
syspath-optimizer/internal/tui/model.go:1683.27,1686.5 2 0
syspath-optimizer/internal/tui/model.go:1687.4,1689.82 3 0
syspath-optimizer/internal/tui/model.go:1691.3,1693.26 2 0
syspath-optimizer/internal/tui/model.go:1693.26,1695.4 1 0
syspath-optimizer/internal/tui/model.go:1697.3,1698.20 2 0
syspath-optimizer/internal/tui/model.go:1702.2,1705.57 4 2
syspath-optimizer/internal/tui/model.go:1705.57,1709.20 4 2
syspath-optimizer/internal/tui/model.go:1709.20,1711.4 1 0
syspath-optimizer/internal/tui/model.go:1712.3,1712.43 1 2
syspath-optimizer/internal/tui/model.go:1714.2,1716.40 2 2
syspath-optimizer/internal/tui/model.go:1716.40,1718.3 1 2
syspath-optimizer/internal/tui/model.go:1718.8,1720.50 2 0
syspath-optimizer/internal/tui/model.go:1720.50,1722.24 2 0
syspath-optimizer/internal/tui/model.go:1723.16,1724.23 1 0
syspath-optimizer/internal/tui/model.go:1725.18,1726.25 1 0
syspath-optimizer/internal/tui/model.go:1727.12,1728.21 1 0
syspath-optimizer/internal/tui/model.go:1730.4,1730.60 1 0
syspath-optimizer/internal/tui/model.go:1732.3,1732.22 1 0
syspath-optimizer/internal/tui/model.go:1735.2,1735.49 1 2
syspath-optimizer/internal/tui/model.go:1735.49,1737.3 1 0
syspath-optimizer/internal/tui/model.go:1739.2,1740.49 2 2
syspath-optimizer/internal/tui/model.go:1740.49,1742.3 1 0
syspath-optimizer/internal/tui/model.go:1743.2,1744.19 2 2
syspath-optimizer/internal/tui/model.go:1747.38,1760.29 4 2
syspath-optimizer/internal/tui/model.go:1760.29,1763.27 3 6
syspath-optimizer/internal/tui/model.go:1763.27,1766.4 2 2
syspath-optimizer/internal/tui/model.go:1767.3,1767.89 1 6
syspath-optimizer/internal/tui/model.go:1770.2,1772.19 3 2
syspath-optimizer/internal/tui/model.go:1775.38,1781.21 5 2
syspath-optimizer/internal/tui/model.go:1781.21,1783.3 1 0
syspath-optimizer/internal/tui/model.go:1785.2,1785.21 1 2
syspath-optimizer/internal/tui/model.go:1785.21,1790.3 4 0
syspath-optimizer/internal/tui/model.go:1792.2,1792.33 1 2
syspath-optimizer/internal/tui/model.go:1792.33,1794.3 1 1
syspath-optimizer/internal/tui/model.go:1794.8,1797.39 3 1
syspath-optimizer/internal/tui/model.go:1797.39,1800.27 3 1
syspath-optimizer/internal/tui/model.go:1800.27,1803.5 2 1
syspath-optimizer/internal/tui/model.go:1804.4,1805.29 2 1
syspath-optimizer/internal/tui/model.go:1805.29,1807.5 1 0
syspath-optimizer/internal/tui/model.go:1808.4,1808.100 1 1
syspath-optimizer/internal/tui/model.go:1810.3,1810.77 1 1
syspath-optimizer/internal/tui/model.go:1813.2,1814.32 2 2
syspath-optimizer/internal/tui/model.go:1814.32,1816.3 1 1
syspath-optimizer/internal/tui/model.go:1817.2,1818.19 2 2
syspath-optimizer/internal/tui/model.go:1821.46,1822.38 1 6
syspath-optimizer/internal/tui/model.go:1822.38,1824.3 1 5
syspath-optimizer/internal/tui/model.go:1825.2,1826.40 2 1
syspath-optimizer/internal/tui/model.go:1826.40,1828.22 2 3
syspath-optimizer/internal/tui/model.go:1828.22,1830.4 1 1
syspath-optimizer/internal/tui/model.go:1831.3,1832.22 2 3
syspath-optimizer/internal/tui/model.go:1832.22,1834.4 1 2
syspath-optimizer/internal/tui/model.go:1836.2,1836.24 1 1
syspath-optimizer/internal/tui/styles.go:87.41,89.2 1 107
syspath-optimizer/internal/tui/styles.go:92.72,95.15 3 31
syspath-optimizer/internal/tui/styles.go:95.15,97.3 1 5
syspath-optimizer/internal/tui/styles.go:98.2,102.11 1 31
syspath-optimizer/internal/tui/styles.go:105.25,106.12 1 75
syspath-optimizer/internal/tui/styles.go:106.12,108.3 1 41
syspath-optimizer/internal/tui/styles.go:109.2,111.14 3 34
syspath-optimizer/internal/tui/styles.go:111.14,113.3 1 3
syspath-optimizer/internal/tui/styles.go:114.2,114.12 1 34
syspath-optimizer/internal/tui/styles.go:114.12,117.3 2 63
syspath-optimizer/internal/tui/styles.go:118.2,118.14 1 34
syspath-optimizer/internal/tui/styles.go:118.14,120.3 1 3
syspath-optimizer/internal/tui/styles.go:121.2,121.10 1 34
